<?xml version="1.0" encoding="UTF-8"?>
<testsuite name="com.coreJava.volume1.chapter12.BankThreadTest" tests="1" skipped="0" failures="0" errors="0" timestamp="2020-08-18T12:43:00" hostname="LAPTOP-PE6TF1M2" time="0.001">
  <properties/>
  <testcase name="transfer" classname="com.coreJava.volume1.chapter12.BankThreadTest" time="0.001"/>
  <system-out><![CDATA[]]></system-out>
  <system-err><![CDATA[]]></system-err>
</testsuite>
